# JRE version: OpenJDK Runtime Environment (Zulu 8.48.0.53-CA-linux64) (8.0_265-b11) (build 1.8.0_265-b11)
# Java VM: OpenJDK 64-Bit Server VM (25.265-b11 mixed mode linux-amd64 compressed oops)
Heap:
 def new generation   total 139392K, used 132044K [0x00000000e0000000, 0x00000000e9730000, 0x00000000eaaa0000)
  eden space 123968K, 100% used [0x00000000e0000000, 0x00000000e7910000, 0x00000000e7910000)
  from space 15424K,  52% used [0x00000000e8820000, 0x00000000e90032e0, 0x00000000e9730000)
  to   space 15424K,   0% used [0x00000000e7910000, 0x00000000e7910000, 0x00000000e8820000)
 tenured generation   total 309432K, used 206327K [0x00000000eaaa0000, 0x00000000fd8ce000, 0x0000000100000000)
   the space 309432K,  66% used [0x00000000eaaa0000, 0x00000000f741ddb8, 0x00000000f741de00, 0x00000000fd8ce000)
 Metaspace       used 59511K, capacity 62524K, committed 62632K, reserved 1103872K
  class space    used 7358K, capacity 8021K, committed 8112K, reserved 1048576K
GC Heap History (10 events):
Event: 1417.065 GC heap before
{Heap before GC invocations=60 (full 9):
 def new generation   total 139392K, used 131289K [0x00000000e0000000, 0x00000000e9730000, 0x00000000eaaa0000)
  eden space 123968K, 100% used [0x00000000e0000000, 0x00000000e7910000, 0x00000000e7910000)
  from space 15424K,  47% used [0x00000000e7910000, 0x00000000e8036600, 0x00000000e8820000)
  to   space 15424K,   0% used [0x00000000e8820000, 0x00000000e8820000, 0x00000000e9730000)
 tenured generation   total 309432K, used 205784K [0x00000000eaaa0000, 0x00000000fd8ce000, 0x0000000100000000)
   the space 309432K,  66% used [0x00000000eaaa0000, 0x00000000f73960d8, 0x00000000f7396200, 0x00000000fd8ce000)
 Metaspace       used 59508K, capacity 62460K, committed 62632K, reserved 1103872K
  class space    used 7358K, capacity 8021K, committed 8112K, reserved 1048576K
Event: 1417.191 GC heap after
Heap after GC invocations=61 (full 9):
 def new generation   total 139392K, used 7665K [0x00000000e0000000, 0x00000000e9730000, 0x00000000eaaa0000)
  eden space 123968K,   0% used [0x00000000e0000000, 0x00000000e0000000, 0x00000000e7910000)
  from space 15424K,  49% used [0x00000000e8820000, 0x00000000e8f9c6b8, 0x00000000e9730000)
  to   space 15424K,   0% used [0x00000000e7910000, 0x00000000e7910000, 0x00000000e8820000)
 tenured generation   total 309432K, used 205784K [0x00000000eaaa0000, 0x00000000fd8ce000, 0x0000000100000000)
   the space 309432K,  66% used [0x00000000eaaa0000, 0x00000000f73960d8, 0x00000000f7396200, 0x00000000fd8ce000)
 Metaspace       used 59508K, capacity 62460K, committed 62632K, reserved 1103872K
  class space    used 7358K, capacity 8021K, committed 8112K, reserved 1048576K
}
Event: 1493.764 GC heap before
{Heap before GC invocations=61 (full 9):
 def new generation   total 139392K, used 131633K [0x00000000e0000000, 0x00000000e9730000, 0x00000000eaaa0000)
  eden space 123968K, 100% used [0x00000000e0000000, 0x00000000e7910000, 0x00000000e7910000)
  from space 15424K,  49% used [0x00000000e8820000, 0x00000000e8f9c6b8, 0x00000000e9730000)
  to   space 15424K,   0% used [0x00000000e7910000, 0x00000000e7910000, 0x00000000e8820000)
 tenured generation   total 309432K, used 205784K [0x00000000eaaa0000, 0x00000000fd8ce000, 0x0000000100000000)
   the space 309432K,  66% used [0x00000000eaaa0000, 0x00000000f73960d8, 0x00000000f7396200, 0x00000000fd8ce000)
 Metaspace       used 59509K, capacity 62524K, committed 62632K, reserved 1103872K
  class space    used 7358K, capacity 8021K, committed 8112K, reserved 1048576K
Event: 1493.790 GC heap after
Heap after GC invocations=62 (full 9):
 def new generation   total 139392K, used 7616K [0x00000000e0000000, 0x00000000e9730000, 0x00000000eaaa0000)
  eden space 123968K,   0% used [0x00000000e0000000, 0x00000000e0000000, 0x00000000e7910000)
  from space 15424K,  49% used [0x00000000e7910000, 0x00000000e80803f0, 0x00000000e8820000)
  to   space 15424K,   0% used [0x00000000e8820000, 0x00000000e8820000, 0x00000000e9730000)
 tenured generation   total 309432K, used 205784K [0x00000000eaaa0000, 0x00000000fd8ce000, 0x0000000100000000)
   the space 309432K,  66% used [0x00000000eaaa0000, 0x00000000f73960d8, 0x00000000f7396200, 0x00000000fd8ce000)
 Metaspace       used 59509K, capacity 62524K, committed 62632K, reserved 1103872K
  class space    used 7358K, capacity 8021K, committed 8112K, reserved 1048576K
}
Event: 1564.992 GC heap before
{Heap before GC invocations=62 (full 9):
 def new generation   total 139392K, used 131584K [0x00000000e0000000, 0x00000000e9730000, 0x00000000eaaa0000)
  eden space 123968K, 100% used [0x00000000e0000000, 0x00000000e7910000, 0x00000000e7910000)
  from space 15424K,  49% used [0x00000000e7910000, 0x00000000e80803f0, 0x00000000e8820000)
  to   space 15424K,   0% used [0x00000000e8820000, 0x00000000e8820000, 0x00000000e9730000)
 tenured generation   total 309432K, used 205784K [0x00000000eaaa0000, 0x00000000fd8ce000, 0x0000000100000000)
   the space 309432K,  66% used [0x00000000eaaa0000, 0x00000000f73960d8, 0x00000000f7396200, 0x00000000fd8ce000)
 Metaspace       used 59509K, capacity 62524K, committed 62632K, reserved 1103872K
  class space    used 7358K, capacity 8021K, committed 8112K, reserved 1048576K
Event: 1565.025 GC heap after
Heap after GC invocations=63 (full 9):
 def new generation   total 139392K, used 7887K [0x00000000e0000000, 0x00000000e9730000, 0x00000000eaaa0000)
  eden space 123968K,   0% used [0x00000000e0000000, 0x00000000e0000000, 0x00000000e7910000)
  from space 15424K,  51% used [0x00000000e8820000, 0x00000000e8fd3cc0, 0x00000000e9730000)
  to   space 15424K,   0% used [0x00000000e7910000, 0x00000000e7910000, 0x00000000e8820000)
 tenured generation   total 309432K, used 205922K [0x00000000eaaa0000, 0x00000000fd8ce000, 0x0000000100000000)
   the space 309432K,  66% used [0x00000000eaaa0000, 0x00000000f73b8a98, 0x00000000f73b8c00, 0x00000000fd8ce000)
 Metaspace       used 59509K, capacity 62524K, committed 62632K, reserved 1103872K
  class space    used 7358K, capacity 8021K, committed 8112K, reserved 1048576K
}
Event: 1635.042 GC heap before
{Heap before GC invocations=63 (full 9):
 def new generation   total 139392K, used 131855K [0x00000000e0000000, 0x00000000e9730000, 0x00000000eaaa0000)
  eden space 123968K, 100% used [0x00000000e0000000, 0x00000000e7910000, 0x00000000e7910000)
  from space 15424K,  51% used [0x00000000e8820000, 0x00000000e8fd3cc0, 0x00000000e9730000)
  to   space 15424K,   0% used [0x00000000e7910000, 0x00000000e7910000, 0x00000000e8820000)
 tenured generation   total 309432K, used 205922K [0x00000000eaaa0000, 0x00000000fd8ce000, 0x0000000100000000)
   the space 309432K,  66% used [0x00000000eaaa0000, 0x00000000f73b8a98, 0x00000000f73b8c00, 0x00000000fd8ce000)
 Metaspace       used 59510K, capacity 62524K, committed 62632K, reserved 1103872K
  class space    used 7358K, capacity 8021K, committed 8112K, reserved 1048576K
Event: 1635.064 GC heap after
Heap after GC invocations=64 (full 9):
 def new generation   total 139392K, used 7851K [0x00000000e0000000, 0x00000000e9730000, 0x00000000eaaa0000)
  eden space 123968K,   0% used [0x00000000e0000000, 0x00000000e0000000, 0x00000000e7910000)
  from space 15424K,  50% used [0x00000000e7910000, 0x00000000e80bad60, 0x00000000e8820000)
  to   space 15424K,   0% used [0x00000000e8820000, 0x00000000e8820000, 0x00000000e9730000)
 tenured generation   total 309432K, used 206139K [0x00000000eaaa0000, 0x00000000fd8ce000, 0x0000000100000000)
   the space 309432K,  66% used [0x00000000eaaa0000, 0x00000000f73eefb8, 0x00000000f73ef000, 0x00000000fd8ce000)
 Metaspace       used 59510K, capacity 62524K, committed 62632K, reserved 1103872K
  class space    used 7358K, capacity 8021K, committed 8112K, reserved 1048576K
}
Event: 1705.087 GC heap before
{Heap before GC invocations=64 (full 9):
 def new generation   total 139392K, used 131819K [0x00000000e0000000, 0x00000000e9730000, 0x00000000eaaa0000)
  eden space 123968K, 100% used [0x00000000e0000000, 0x00000000e7910000, 0x00000000e7910000)
  from space 15424K,  50% used [0x00000000e7910000, 0x00000000e80bad60, 0x00000000e8820000)
  to   space 15424K,   0% used [0x00000000e8820000, 0x00000000e8820000, 0x00000000e9730000)
 tenured generation   total 309432K, used 206139K [0x00000000eaaa0000, 0x00000000fd8ce000, 0x0000000100000000)
   the space 309432K,  66% used [0x00000000eaaa0000, 0x00000000f73eefb8, 0x00000000f73ef000, 0x00000000fd8ce000)
 Metaspace       used 59511K, capacity 62524K, committed 62632K, reserved 1103872K
  class space    used 7358K, capacity 8021K, committed 8112K, reserved 1048576K
Event: 1705.437 GC heap after
Heap after GC invocations=65 (full 9):
 def new generation   total 139392K, used 8076K [0x00000000e0000000, 0x00000000e9730000, 0x00000000eaaa0000)
  eden space 123968K,   0% used [0x00000000e0000000, 0x00000000e0000000, 0x00000000e7910000)
  from space 15424K,  52% used [0x00000000e8820000, 0x00000000e90032e0, 0x00000000e9730000)
  to   space 15424K,   0% used [0x00000000e7910000, 0x00000000e7910000, 0x00000000e8820000)
 tenured generation   total 309432K, used 206327K [0x00000000eaaa0000, 0x00000000fd8ce000, 0x0000000100000000)
   the space 309432K,  66% used [0x00000000eaaa0000, 0x00000000f741ddb8, 0x00000000f741de00, 0x00000000fd8ce000)
 Metaspace       used 59511K, capacity 62524K, committed 62632K, reserved 1103872K
  class space    used 7358K, capacity 8021K, committed 8112K, reserved 1048576K
}

