# JRE version: OpenJDK Runtime Environment (Zulu 8.48.0.53-CA-linux64) (8.0_265-b11) (build 1.8.0_265-b11)
# Java VM: OpenJDK 64-Bit Server VM (25.265-b11 mixed mode linux-amd64 compressed oops)
Heap:
 def new generation   total 138112K, used 130482K [0x00000000e0000000, 0x00000000e95d0000, 0x00000000eaaa0000)
  eden space 122816K, 100% used [0x00000000e0000000, 0x00000000e77f0000, 0x00000000e77f0000)
  from space 15296K,  50% used [0x00000000e77f0000, 0x00000000e7f6c9b0, 0x00000000e86e0000)
  to   space 15296K,   0% used [0x00000000e86e0000, 0x00000000e86e0000, 0x00000000e95d0000)
 tenured generation   total 306708K, used 208496K [0x00000000eaaa0000, 0x00000000fd625000, 0x0000000100000000)
   the space 306708K,  67% used [0x00000000eaaa0000, 0x00000000f763c180, 0x00000000f763c200, 0x00000000fd625000)
 Metaspace       used 59420K, capacity 62380K, committed 62632K, reserved 1103872K
  class space    used 7359K, capacity 8007K, committed 8112K, reserved 1048576K
GC Heap History (10 events):
Event: 1147.568 GC heap before
{Heap before GC invocations=57 (full 9):
 def new generation   total 138112K, used 130480K [0x00000000e0000000, 0x00000000e95d0000, 0x00000000eaaa0000)
  eden space 122816K, 100% used [0x00000000e0000000, 0x00000000e77f0000, 0x00000000e77f0000)
  from space 15296K,  50% used [0x00000000e86e0000, 0x00000000e8e5c180, 0x00000000e95d0000)
  to   space 15296K,   0% used [0x00000000e77f0000, 0x00000000e77f0000, 0x00000000e86e0000)
 tenured generation   total 306708K, used 206515K [0x00000000eaaa0000, 0x00000000fd625000, 0x0000000100000000)
   the space 306708K,  67% used [0x00000000eaaa0000, 0x00000000f744ce58, 0x00000000f744d000, 0x00000000fd625000)
 Metaspace       used 59365K, capacity 62312K, committed 62632K, reserved 1103872K
  class space    used 7359K, capacity 8007K, committed 8112K, reserved 1048576K
Event: 1147.583 GC heap after
Heap after GC invocations=58 (full 9):
 def new generation   total 138112K, used 7781K [0x00000000e0000000, 0x00000000e95d0000, 0x00000000eaaa0000)
  eden space 122816K,   0% used [0x00000000e0000000, 0x00000000e0000000, 0x00000000e77f0000)
  from space 15296K,  50% used [0x00000000e77f0000, 0x00000000e7f897c8, 0x00000000e86e0000)
  to   space 15296K,   0% used [0x00000000e86e0000, 0x00000000e86e0000, 0x00000000e95d0000)
 tenured generation   total 306708K, used 206667K [0x00000000eaaa0000, 0x00000000fd625000, 0x0000000100000000)
   the space 306708K,  67% used [0x00000000eaaa0000, 0x00000000f7472e88, 0x00000000f7473000, 0x00000000fd625000)
 Metaspace       used 59365K, capacity 62312K, committed 62632K, reserved 1103872K
  class space    used 7359K, capacity 8007K, committed 8112K, reserved 1048576K
}
Event: 1226.069 GC heap before
{Heap before GC invocations=58 (full 9):
 def new generation   total 138112K, used 130597K [0x00000000e0000000, 0x00000000e95d0000, 0x00000000eaaa0000)
  eden space 122816K, 100% used [0x00000000e0000000, 0x00000000e77f0000, 0x00000000e77f0000)
  from space 15296K,  50% used [0x00000000e77f0000, 0x00000000e7f897c8, 0x00000000e86e0000)
  to   space 15296K,   0% used [0x00000000e86e0000, 0x00000000e86e0000, 0x00000000e95d0000)
 tenured generation   total 306708K, used 206667K [0x00000000eaaa0000, 0x00000000fd625000, 0x0000000100000000)
   the space 306708K,  67% used [0x00000000eaaa0000, 0x00000000f7472e88, 0x00000000f7473000, 0x00000000fd625000)
 Metaspace       used 59365K, capacity 62312K, committed 62632K, reserved 1103872K
  class space    used 7359K, capacity 8007K, committed 8112K, reserved 1048576K
Event: 1226.084 GC heap after
Heap after GC invocations=59 (full 9):
 def new generation   total 138112K, used 8262K [0x00000000e0000000, 0x00000000e95d0000, 0x00000000eaaa0000)
  eden space 122816K,   0% used [0x00000000e0000000, 0x00000000e0000000, 0x00000000e77f0000)
  from space 15296K,  54% used [0x00000000e86e0000, 0x00000000e8ef19b8, 0x00000000e95d0000)
  to   space 15296K,   0% used [0x00000000e77f0000, 0x00000000e77f0000, 0x00000000e86e0000)
 tenured generation   total 306708K, used 207023K [0x00000000eaaa0000, 0x00000000fd625000, 0x0000000100000000)
   the space 306708K,  67% used [0x00000000eaaa0000, 0x00000000f74cbc10, 0x00000000f74cbe00, 0x00000000fd625000)
 Metaspace       used 59365K, capacity 62312K, committed 62632K, reserved 1103872K
  class space    used 7359K, capacity 8007K, committed 8112K, reserved 1048576K
}
Event: 1293.369 GC heap before
{Heap before GC invocations=59 (full 9):
 def new generation   total 138112K, used 131078K [0x00000000e0000000, 0x00000000e95d0000, 0x00000000eaaa0000)
  eden space 122816K, 100% used [0x00000000e0000000, 0x00000000e77f0000, 0x00000000e77f0000)
  from space 15296K,  54% used [0x00000000e86e0000, 0x00000000e8ef19b8, 0x00000000e95d0000)
  to   space 15296K,   0% used [0x00000000e77f0000, 0x00000000e77f0000, 0x00000000e86e0000)
 tenured generation   total 306708K, used 207023K [0x00000000eaaa0000, 0x00000000fd625000, 0x0000000100000000)
   the space 306708K,  67% used [0x00000000eaaa0000, 0x00000000f74cbc10, 0x00000000f74cbe00, 0x00000000fd625000)
 Metaspace       used 59387K, capacity 62312K, committed 62632K, reserved 1103872K
  class space    used 7359K, capacity 8007K, committed 8112K, reserved 1048576K
Event: 1293.388 GC heap after
Heap after GC invocations=60 (full 9):
 def new generation   total 138112K, used 7804K [0x00000000e0000000, 0x00000000e95d0000, 0x00000000eaaa0000)
  eden space 122816K,   0% used [0x00000000e0000000, 0x00000000e0000000, 0x00000000e77f0000)
  from space 15296K,  51% used [0x00000000e77f0000, 0x00000000e7f8f060, 0x00000000e86e0000)
  to   space 15296K,   0% used [0x00000000e86e0000, 0x00000000e86e0000, 0x00000000e95d0000)
 tenured generation   total 306708K, used 207921K [0x00000000eaaa0000, 0x00000000fd625000, 0x0000000100000000)
   the space 306708K,  67% used [0x00000000eaaa0000, 0x00000000f75ac608, 0x00000000f75ac800, 0x00000000fd625000)
 Metaspace       used 59387K, capacity 62312K, committed 62632K, reserved 1103872K
  class space    used 7359K, capacity 8007K, committed 8112K, reserved 1048576K
}
Event: 1366.268 GC heap before
{Heap before GC invocations=60 (full 9):
 def new generation   total 138112K, used 130620K [0x00000000e0000000, 0x00000000e95d0000, 0x00000000eaaa0000)
  eden space 122816K, 100% used [0x00000000e0000000, 0x00000000e77f0000, 0x00000000e77f0000)
  from space 15296K,  51% used [0x00000000e77f0000, 0x00000000e7f8f060, 0x00000000e86e0000)
  to   space 15296K,   0% used [0x00000000e86e0000, 0x00000000e86e0000, 0x00000000e95d0000)
 tenured generation   total 306708K, used 207921K [0x00000000eaaa0000, 0x00000000fd625000, 0x0000000100000000)
   the space 306708K,  67% used [0x00000000eaaa0000, 0x00000000f75ac608, 0x00000000f75ac800, 0x00000000fd625000)
 Metaspace       used 59399K, capacity 62312K, committed 62632K, reserved 1103872K
  class space    used 7359K, capacity 8007K, committed 8112K, reserved 1048576K
Event: 1366.283 GC heap after
Heap after GC invocations=61 (full 9):
 def new generation   total 138112K, used 7360K [0x00000000e0000000, 0x00000000e95d0000, 0x00000000eaaa0000)
  eden space 122816K,   0% used [0x00000000e0000000, 0x00000000e0000000, 0x00000000e77f0000)
  from space 15296K,  48% used [0x00000000e86e0000, 0x00000000e8e102c0, 0x00000000e95d0000)
  to   space 15296K,   0% used [0x00000000e77f0000, 0x00000000e77f0000, 0x00000000e86e0000)
 tenured generation   total 306708K, used 208496K [0x00000000eaaa0000, 0x00000000fd625000, 0x0000000100000000)
   the space 306708K,  67% used [0x00000000eaaa0000, 0x00000000f763c180, 0x00000000f763c200, 0x00000000fd625000)
 Metaspace       used 59399K, capacity 62312K, committed 62632K, reserved 1103872K
  class space    used 7359K, capacity 8007K, committed 8112K, reserved 1048576K
}
Event: 1440.169 GC heap before
{Heap before GC invocations=61 (full 9):
 def new generation   total 138112K, used 130176K [0x00000000e0000000, 0x00000000e95d0000, 0x00000000eaaa0000)
  eden space 122816K, 100% used [0x00000000e0000000, 0x00000000e77f0000, 0x00000000e77f0000)
  from space 15296K,  48% used [0x00000000e86e0000, 0x00000000e8e102c0, 0x00000000e95d0000)
  to   space 15296K,   0% used [0x00000000e77f0000, 0x00000000e77f0000, 0x00000000e86e0000)
 tenured generation   total 306708K, used 208496K [0x00000000eaaa0000, 0x00000000fd625000, 0x0000000100000000)
   the space 306708K,  67% used [0x00000000eaaa0000, 0x00000000f763c180, 0x00000000f763c200, 0x00000000fd625000)
 Metaspace       used 59420K, capacity 62380K, committed 62632K, reserved 1103872K
  class space    used 7359K, capacity 8007K, committed 8112K, reserved 1048576K
Event: 1440.199 GC heap after
Heap after GC invocations=62 (full 9):
 def new generation   total 138112K, used 7666K [0x00000000e0000000, 0x00000000e95d0000, 0x00000000eaaa0000)
  eden space 122816K,   0% used [0x00000000e0000000, 0x00000000e0000000, 0x00000000e77f0000)
  from space 15296K,  50% used [0x00000000e77f0000, 0x00000000e7f6c9b0, 0x00000000e86e0000)
  to   space 15296K,   0% used [0x00000000e86e0000, 0x00000000e86e0000, 0x00000000e95d0000)
 tenured generation   total 306708K, used 208496K [0x00000000eaaa0000, 0x00000000fd625000, 0x0000000100000000)
   the space 306708K,  67% used [0x00000000eaaa0000, 0x00000000f763c180, 0x00000000f763c200, 0x00000000fd625000)
 Metaspace       used 59420K, capacity 62380K, committed 62632K, reserved 1103872K
  class space    used 7359K, capacity 8007K, committed 8112K, reserved 1048576K
}

