# JRE version: OpenJDK Runtime Environment (Zulu 8.48.0.53-CA-linux64) (8.0_265-b11) (build 1.8.0_265-b11)
# Java VM: OpenJDK 64-Bit Server VM (25.265-b11 mixed mode linux-amd64 compressed oops)
Heap:
 def new generation   total 137664K, used 130282K [0x00000000e0000000, 0x00000000e9560000, 0x00000000eaaa0000)
  eden space 122368K, 100% used [0x00000000e0000000, 0x00000000e7780000, 0x00000000e7780000)
  from space 15296K,  51% used [0x00000000e8670000, 0x00000000e8e2ab98, 0x00000000e9560000)
  to   space 15296K,   0% used [0x00000000e7780000, 0x00000000e7780000, 0x00000000e8670000)
 tenured generation   total 305820K, used 210398K [0x00000000eaaa0000, 0x00000000fd547000, 0x0000000100000000)
   the space 305820K,  68% used [0x00000000eaaa0000, 0x00000000f7817be0, 0x00000000f7817c00, 0x00000000fd547000)
 Metaspace       used 59530K, capacity 62532K, committed 62888K, reserved 1103872K
  class space    used 7355K, capacity 8009K, committed 8112K, reserved 1048576K
GC Heap History (10 events):
Event: 1331.909 GC heap before
{Heap before GC invocations=60 (full 9):
 def new generation   total 137664K, used 129926K [0x00000000e0000000, 0x00000000e9560000, 0x00000000eaaa0000)
  eden space 122368K, 100% used [0x00000000e0000000, 0x00000000e7780000, 0x00000000e7780000)
  from space 15296K,  49% used [0x00000000e7780000, 0x00000000e7ee19b0, 0x00000000e8670000)
  to   space 15296K,   0% used [0x00000000e8670000, 0x00000000e8670000, 0x00000000e9560000)
 tenured generation   total 305820K, used 209638K [0x00000000eaaa0000, 0x00000000fd547000, 0x0000000100000000)
   the space 305820K,  68% used [0x00000000eaaa0000, 0x00000000f7759840, 0x00000000f7759a00, 0x00000000fd547000)
 Metaspace       used 59482K, capacity 62464K, committed 62632K, reserved 1103872K
  class space    used 7349K, capacity 8009K, committed 8112K, reserved 1048576K
Event: 1331.941 GC heap after
Heap after GC invocations=61 (full 9):
 def new generation   total 137664K, used 8189K [0x00000000e0000000, 0x00000000e9560000, 0x00000000eaaa0000)
  eden space 122368K,   0% used [0x00000000e0000000, 0x00000000e0000000, 0x00000000e7780000)
  from space 15296K,  53% used [0x00000000e8670000, 0x00000000e8e6f690, 0x00000000e9560000)
  to   space 15296K,   0% used [0x00000000e7780000, 0x00000000e7780000, 0x00000000e8670000)
 tenured generation   total 305820K, used 209638K [0x00000000eaaa0000, 0x00000000fd547000, 0x0000000100000000)
   the space 305820K,  68% used [0x00000000eaaa0000, 0x00000000f7759840, 0x00000000f7759a00, 0x00000000fd547000)
 Metaspace       used 59482K, capacity 62464K, committed 62632K, reserved 1103872K
  class space    used 7349K, capacity 8009K, committed 8112K, reserved 1048576K
}
Event: 1398.009 GC heap before
{Heap before GC invocations=61 (full 9):
 def new generation   total 137664K, used 130557K [0x00000000e0000000, 0x00000000e9560000, 0x00000000eaaa0000)
  eden space 122368K, 100% used [0x00000000e0000000, 0x00000000e7780000, 0x00000000e7780000)
  from space 15296K,  53% used [0x00000000e8670000, 0x00000000e8e6f690, 0x00000000e9560000)
  to   space 15296K,   0% used [0x00000000e7780000, 0x00000000e7780000, 0x00000000e8670000)
 tenured generation   total 305820K, used 209638K [0x00000000eaaa0000, 0x00000000fd547000, 0x0000000100000000)
   the space 305820K,  68% used [0x00000000eaaa0000, 0x00000000f7759840, 0x00000000f7759a00, 0x00000000fd547000)
 Metaspace       used 59485K, capacity 62464K, committed 62632K, reserved 1103872K
  class space    used 7349K, capacity 8009K, committed 8112K, reserved 1048576K
Event: 1398.030 GC heap after
Heap after GC invocations=62 (full 9):
 def new generation   total 137664K, used 7280K [0x00000000e0000000, 0x00000000e9560000, 0x00000000eaaa0000)
  eden space 122368K,   0% used [0x00000000e0000000, 0x00000000e0000000, 0x00000000e7780000)
  from space 15296K,  47% used [0x00000000e7780000, 0x00000000e7e9c0d0, 0x00000000e8670000)
  to   space 15296K,   0% used [0x00000000e8670000, 0x00000000e8670000, 0x00000000e9560000)
 tenured generation   total 305820K, used 210398K [0x00000000eaaa0000, 0x00000000fd547000, 0x0000000100000000)
   the space 305820K,  68% used [0x00000000eaaa0000, 0x00000000f7817be0, 0x00000000f7817c00, 0x00000000fd547000)
 Metaspace       used 59485K, capacity 62464K, committed 62632K, reserved 1103872K
  class space    used 7349K, capacity 8009K, committed 8112K, reserved 1048576K
}
Event: 1465.235 GC heap before
{Heap before GC invocations=62 (full 9):
 def new generation   total 137664K, used 129648K [0x00000000e0000000, 0x00000000e9560000, 0x00000000eaaa0000)
  eden space 122368K, 100% used [0x00000000e0000000, 0x00000000e7780000, 0x00000000e7780000)
  from space 15296K,  47% used [0x00000000e7780000, 0x00000000e7e9c0d0, 0x00000000e8670000)
  to   space 15296K,   0% used [0x00000000e8670000, 0x00000000e8670000, 0x00000000e9560000)
 tenured generation   total 305820K, used 210398K [0x00000000eaaa0000, 0x00000000fd547000, 0x0000000100000000)
   the space 305820K,  68% used [0x00000000eaaa0000, 0x00000000f7817be0, 0x00000000f7817c00, 0x00000000fd547000)
 Metaspace       used 59500K, capacity 62532K, committed 62888K, reserved 1103872K
  class space    used 7349K, capacity 8009K, committed 8112K, reserved 1048576K
Event: 1465.259 GC heap after
Heap after GC invocations=63 (full 9):
 def new generation   total 137664K, used 7371K [0x00000000e0000000, 0x00000000e9560000, 0x00000000eaaa0000)
  eden space 122368K,   0% used [0x00000000e0000000, 0x00000000e0000000, 0x00000000e7780000)
  from space 15296K,  48% used [0x00000000e8670000, 0x00000000e8da2f08, 0x00000000e9560000)
  to   space 15296K,   0% used [0x00000000e7780000, 0x00000000e7780000, 0x00000000e8670000)
 tenured generation   total 305820K, used 210398K [0x00000000eaaa0000, 0x00000000fd547000, 0x0000000100000000)
   the space 305820K,  68% used [0x00000000eaaa0000, 0x00000000f7817be0, 0x00000000f7817c00, 0x00000000fd547000)
 Metaspace       used 59500K, capacity 62532K, committed 62888K, reserved 1103872K
  class space    used 7349K, capacity 8009K, committed 8112K, reserved 1048576K
}
Event: 1537.160 GC heap before
{Heap before GC invocations=63 (full 9):
 def new generation   total 137664K, used 129739K [0x00000000e0000000, 0x00000000e9560000, 0x00000000eaaa0000)
  eden space 122368K, 100% used [0x00000000e0000000, 0x00000000e7780000, 0x00000000e7780000)
  from space 15296K,  48% used [0x00000000e8670000, 0x00000000e8da2f08, 0x00000000e9560000)
  to   space 15296K,   0% used [0x00000000e7780000, 0x00000000e7780000, 0x00000000e8670000)
 tenured generation   total 305820K, used 210398K [0x00000000eaaa0000, 0x00000000fd547000, 0x0000000100000000)
   the space 305820K,  68% used [0x00000000eaaa0000, 0x00000000f7817be0, 0x00000000f7817c00, 0x00000000fd547000)
 Metaspace       used 59529K, capacity 62532K, committed 62888K, reserved 1103872K
  class space    used 7355K, capacity 8009K, committed 8112K, reserved 1048576K
Event: 1537.187 GC heap after
Heap after GC invocations=64 (full 9):
 def new generation   total 137664K, used 7534K [0x00000000e0000000, 0x00000000e9560000, 0x00000000eaaa0000)
  eden space 122368K,   0% used [0x00000000e0000000, 0x00000000e0000000, 0x00000000e7780000)
  from space 15296K,  49% used [0x00000000e7780000, 0x00000000e7edb920, 0x00000000e8670000)
  to   space 15296K,   0% used [0x00000000e8670000, 0x00000000e8670000, 0x00000000e9560000)
 tenured generation   total 305820K, used 210398K [0x00000000eaaa0000, 0x00000000fd547000, 0x0000000100000000)
   the space 305820K,  68% used [0x00000000eaaa0000, 0x00000000f7817be0, 0x00000000f7817c00, 0x00000000fd547000)
 Metaspace       used 59529K, capacity 62532K, committed 62888K, reserved 1103872K
  class space    used 7355K, capacity 8009K, committed 8112K, reserved 1048576K
}
Event: 1613.059 GC heap before
{Heap before GC invocations=64 (full 9):
 def new generation   total 137664K, used 129902K [0x00000000e0000000, 0x00000000e9560000, 0x00000000eaaa0000)
  eden space 122368K, 100% used [0x00000000e0000000, 0x00000000e7780000, 0x00000000e7780000)
  from space 15296K,  49% used [0x00000000e7780000, 0x00000000e7edb920, 0x00000000e8670000)
  to   space 15296K,   0% used [0x00000000e8670000, 0x00000000e8670000, 0x00000000e9560000)
 tenured generation   total 305820K, used 210398K [0x00000000eaaa0000, 0x00000000fd547000, 0x0000000100000000)
   the space 305820K,  68% used [0x00000000eaaa0000, 0x00000000f7817be0, 0x00000000f7817c00, 0x00000000fd547000)
 Metaspace       used 59530K, capacity 62532K, committed 62888K, reserved 1103872K
  class space    used 7355K, capacity 8009K, committed 8112K, reserved 1048576K
Event: 1613.103 GC heap after
Heap after GC invocations=65 (full 9):
 def new generation   total 137664K, used 7914K [0x00000000e0000000, 0x00000000e9560000, 0x00000000eaaa0000)
  eden space 122368K,   0% used [0x00000000e0000000, 0x00000000e0000000, 0x00000000e7780000)
  from space 15296K,  51% used [0x00000000e8670000, 0x00000000e8e2ab98, 0x00000000e9560000)
  to   space 15296K,   0% used [0x00000000e7780000, 0x00000000e7780000, 0x00000000e8670000)
 tenured generation   total 305820K, used 210398K [0x00000000eaaa0000, 0x00000000fd547000, 0x0000000100000000)
   the space 305820K,  68% used [0x00000000eaaa0000, 0x00000000f7817be0, 0x00000000f7817c00, 0x00000000fd547000)
 Metaspace       used 59530K, capacity 62532K, committed 62888K, reserved 1103872K
  class space    used 7355K, capacity 8009K, committed 8112K, reserved 1048576K
}

