# JRE version: OpenJDK Runtime Environment (Zulu 8.48.0.53-CA-linux64) (8.0_265-b11) (build 1.8.0_265-b11)
# Java VM: OpenJDK 64-Bit Server VM (25.265-b11 mixed mode linux-amd64 compressed oops)
Heap:
 def new generation   total 139648K, used 131939K [0x00000000e0000000, 0x00000000e9780000, 0x00000000eaaa0000)
  eden space 124160K, 100% used [0x00000000e0000000, 0x00000000e7940000, 0x00000000e7940000)
  from space 15488K,  50% used [0x00000000e7940000, 0x00000000e80d8d80, 0x00000000e8860000)
  to   space 15488K,   0% used [0x00000000e8860000, 0x00000000e8860000, 0x00000000e9780000)
 tenured generation   total 310084K, used 216309K [0x00000000eaaa0000, 0x00000000fd971000, 0x0000000100000000)
   the space 310084K,  69% used [0x00000000eaaa0000, 0x00000000f7ddd5d8, 0x00000000f7ddd600, 0x00000000fd971000)
 Metaspace       used 59543K, capacity 62606K, committed 62888K, reserved 1103872K
  class space    used 7359K, capacity 8012K, committed 8112K, reserved 1048576K
GC Heap History (10 events):
Event: 3642.027 GC heap before
{Heap before GC invocations=91 (full 9):
 def new generation   total 139648K, used 131539K [0x00000000e0000000, 0x00000000e9780000, 0x00000000eaaa0000)
  eden space 124160K, 100% used [0x00000000e0000000, 0x00000000e7940000, 0x00000000e7940000)
  from space 15488K,  47% used [0x00000000e8860000, 0x00000000e8f94e28, 0x00000000e9780000)
  to   space 15488K,   0% used [0x00000000e7940000, 0x00000000e7940000, 0x00000000e8860000)
 tenured generation   total 310084K, used 215571K [0x00000000eaaa0000, 0x00000000fd971000, 0x0000000100000000)
   the space 310084K,  69% used [0x00000000eaaa0000, 0x00000000f7d24cd8, 0x00000000f7d24e00, 0x00000000fd971000)
 Metaspace       used 59478K, capacity 62464K, committed 62632K, reserved 1103872K
  class space    used 7358K, capacity 8011K, committed 8112K, reserved 1048576K
Event: 3642.058 GC heap after
Heap after GC invocations=92 (full 9):
 def new generation   total 139648K, used 6858K [0x00000000e0000000, 0x00000000e9780000, 0x00000000eaaa0000)
  eden space 124160K,   0% used [0x00000000e0000000, 0x00000000e0000000, 0x00000000e7940000)
  from space 15488K,  44% used [0x00000000e7940000, 0x00000000e7ff2a60, 0x00000000e8860000)
  to   space 15488K,   0% used [0x00000000e8860000, 0x00000000e8860000, 0x00000000e9780000)
 tenured generation   total 310084K, used 215701K [0x00000000eaaa0000, 0x00000000fd971000, 0x0000000100000000)
   the space 310084K,  69% used [0x00000000eaaa0000, 0x00000000f7d45450, 0x00000000f7d45600, 0x00000000fd971000)
 Metaspace       used 59478K, capacity 62464K, committed 62632K, reserved 1103872K
  class space    used 7358K, capacity 8011K, committed 8112K, reserved 1048576K
}
Event: 3699.526 GC heap before
{Heap before GC invocations=92 (full 9):
 def new generation   total 139648K, used 131018K [0x00000000e0000000, 0x00000000e9780000, 0x00000000eaaa0000)
  eden space 124160K, 100% used [0x00000000e0000000, 0x00000000e7940000, 0x00000000e7940000)
  from space 15488K,  44% used [0x00000000e7940000, 0x00000000e7ff2a60, 0x00000000e8860000)
  to   space 15488K,   0% used [0x00000000e8860000, 0x00000000e8860000, 0x00000000e9780000)
 tenured generation   total 310084K, used 215701K [0x00000000eaaa0000, 0x00000000fd971000, 0x0000000100000000)
   the space 310084K,  69% used [0x00000000eaaa0000, 0x00000000f7d45450, 0x00000000f7d45600, 0x00000000fd971000)
 Metaspace       used 59519K, capacity 62598K, committed 62888K, reserved 1103872K
  class space    used 7359K, capacity 8012K, committed 8112K, reserved 1048576K
Event: 3699.545 GC heap after
Heap after GC invocations=93 (full 9):
 def new generation   total 139648K, used 7658K [0x00000000e0000000, 0x00000000e9780000, 0x00000000eaaa0000)
  eden space 124160K,   0% used [0x00000000e0000000, 0x00000000e0000000, 0x00000000e7940000)
  from space 15488K,  49% used [0x00000000e8860000, 0x00000000e8fda8c0, 0x00000000e9780000)
  to   space 15488K,   0% used [0x00000000e7940000, 0x00000000e7940000, 0x00000000e8860000)
 tenured generation   total 310084K, used 215870K [0x00000000eaaa0000, 0x00000000fd971000, 0x0000000100000000)
   the space 310084K,  69% used [0x00000000eaaa0000, 0x00000000f7d6f988, 0x00000000f7d6fa00, 0x00000000fd971000)
 Metaspace       used 59519K, capacity 62598K, committed 62888K, reserved 1103872K
  class space    used 7359K, capacity 8012K, committed 8112K, reserved 1048576K
}
Event: 3771.076 GC heap before
{Heap before GC invocations=93 (full 9):
 def new generation   total 139648K, used 131818K [0x00000000e0000000, 0x00000000e9780000, 0x00000000eaaa0000)
  eden space 124160K, 100% used [0x00000000e0000000, 0x00000000e7940000, 0x00000000e7940000)
  from space 15488K,  49% used [0x00000000e8860000, 0x00000000e8fda8c0, 0x00000000e9780000)
  to   space 15488K,   0% used [0x00000000e7940000, 0x00000000e7940000, 0x00000000e8860000)
 tenured generation   total 310084K, used 215870K [0x00000000eaaa0000, 0x00000000fd971000, 0x0000000100000000)
   the space 310084K,  69% used [0x00000000eaaa0000, 0x00000000f7d6f988, 0x00000000f7d6fa00, 0x00000000fd971000)
 Metaspace       used 59531K, capacity 62606K, committed 62888K, reserved 1103872K
  class space    used 7359K, capacity 8012K, committed 8112K, reserved 1048576K
Event: 3771.093 GC heap after
Heap after GC invocations=94 (full 9):
 def new generation   total 139648K, used 7380K [0x00000000e0000000, 0x00000000e9780000, 0x00000000eaaa0000)
  eden space 124160K,   0% used [0x00000000e0000000, 0x00000000e0000000, 0x00000000e7940000)
  from space 15488K,  47% used [0x00000000e7940000, 0x00000000e80750c8, 0x00000000e8860000)
  to   space 15488K,   0% used [0x00000000e8860000, 0x00000000e8860000, 0x00000000e9780000)
 tenured generation   total 310084K, used 215970K [0x00000000eaaa0000, 0x00000000fd971000, 0x0000000100000000)
   the space 310084K,  69% used [0x00000000eaaa0000, 0x00000000f7d88b68, 0x00000000f7d88c00, 0x00000000fd971000)
 Metaspace       used 59531K, capacity 62606K, committed 62888K, reserved 1103872K
  class space    used 7359K, capacity 8012K, committed 8112K, reserved 1048576K
}
Event: 3846.677 GC heap before
{Heap before GC invocations=94 (full 9):
 def new generation   total 139648K, used 131540K [0x00000000e0000000, 0x00000000e9780000, 0x00000000eaaa0000)
  eden space 124160K, 100% used [0x00000000e0000000, 0x00000000e7940000, 0x00000000e7940000)
  from space 15488K,  47% used [0x00000000e7940000, 0x00000000e80750c8, 0x00000000e8860000)
  to   space 15488K,   0% used [0x00000000e8860000, 0x00000000e8860000, 0x00000000e9780000)
 tenured generation   total 310084K, used 215970K [0x00000000eaaa0000, 0x00000000fd971000, 0x0000000100000000)
   the space 310084K,  69% used [0x00000000eaaa0000, 0x00000000f7d88b68, 0x00000000f7d88c00, 0x00000000fd971000)
 Metaspace       used 59531K, capacity 62606K, committed 62888K, reserved 1103872K
  class space    used 7359K, capacity 8012K, committed 8112K, reserved 1048576K
Event: 3846.713 GC heap after
Heap after GC invocations=95 (full 9):
 def new generation   total 139648K, used 7593K [0x00000000e0000000, 0x00000000e9780000, 0x00000000eaaa0000)
  eden space 124160K,   0% used [0x00000000e0000000, 0x00000000e0000000, 0x00000000e7940000)
  from space 15488K,  49% used [0x00000000e8860000, 0x00000000e8fca508, 0x00000000e9780000)
  to   space 15488K,   0% used [0x00000000e7940000, 0x00000000e7940000, 0x00000000e8860000)
 tenured generation   total 310084K, used 216030K [0x00000000eaaa0000, 0x00000000fd971000, 0x0000000100000000)
   the space 310084K,  69% used [0x00000000eaaa0000, 0x00000000f7d97a88, 0x00000000f7d97c00, 0x00000000fd971000)
 Metaspace       used 59531K, capacity 62606K, committed 62888K, reserved 1103872K
  class space    used 7359K, capacity 8012K, committed 8112K, reserved 1048576K
}
Event: 3923.927 GC heap before
{Heap before GC invocations=95 (full 9):
 def new generation   total 139648K, used 131753K [0x00000000e0000000, 0x00000000e9780000, 0x00000000eaaa0000)
  eden space 124160K, 100% used [0x00000000e0000000, 0x00000000e7940000, 0x00000000e7940000)
  from space 15488K,  49% used [0x00000000e8860000, 0x00000000e8fca508, 0x00000000e9780000)
  to   space 15488K,   0% used [0x00000000e7940000, 0x00000000e7940000, 0x00000000e8860000)
 tenured generation   total 310084K, used 216030K [0x00000000eaaa0000, 0x00000000fd971000, 0x0000000100000000)
   the space 310084K,  69% used [0x00000000eaaa0000, 0x00000000f7d97a88, 0x00000000f7d97c00, 0x00000000fd971000)
 Metaspace       used 59540K, capacity 62606K, committed 62888K, reserved 1103872K
  class space    used 7359K, capacity 8012K, committed 8112K, reserved 1048576K
Event: 3923.950 GC heap after
Heap after GC invocations=96 (full 9):
 def new generation   total 139648K, used 7779K [0x00000000e0000000, 0x00000000e9780000, 0x00000000eaaa0000)
  eden space 124160K,   0% used [0x00000000e0000000, 0x00000000e0000000, 0x00000000e7940000)
  from space 15488K,  50% used [0x00000000e7940000, 0x00000000e80d8d80, 0x00000000e8860000)
  to   space 15488K,   0% used [0x00000000e8860000, 0x00000000e8860000, 0x00000000e9780000)
 tenured generation   total 310084K, used 216309K [0x00000000eaaa0000, 0x00000000fd971000, 0x0000000100000000)
   the space 310084K,  69% used [0x00000000eaaa0000, 0x00000000f7ddd5d8, 0x00000000f7ddd600, 0x00000000fd971000)
 Metaspace       used 59540K, capacity 62606K, committed 62888K, reserved 1103872K
  class space    used 7359K, capacity 8012K, committed 8112K, reserved 1048576K
}

